[INFO] Stored user: Jess (5e757f8caf1b170100996180) at (2021-01-30 18:07:56,564)
[INFO] Stored user: kadie (60159f0eaa2d3501004fa4a9) at (2021-01-30 18:09:52,276)
[INFO] Stored user: Amy (5df6bdf1f5b3b00100c3fbb3) at (2021-01-30 19:04:05,990)
[INFO] Stored user: Ellie (5e8648d75351170100a3e787) at (2021-01-30 19:07:29,898)
[INFO] Stored user: Emma (5f469490841c9c010042f535) at (2021-01-30 19:07:33,935)
[INFO] Stored user: Eve (5eee340ebaf6ee010048b2df) at (2021-01-30 19:09:49,617)
[INFO] Stored user: Kerry (5e0f3d503e719901002f3c23) at (2021-01-30 19:12:39,586)
[INFO] Stored user: Jodie (551089c577405b610d5dfaf7) at (2021-01-30 19:13:46,711)
[INFO] Stored user: Kirstin (5f21d4f262dfe901007ac356) at (2021-01-30 19:14:47,724)
[INFO] Stored user: Olivia (5fd2c67d8aee8601001228b2) at (2021-01-30 19:15:25,245)
[INFO] Stored user: Camille (5d0914e37b45c51500739511) at (2021-01-30 19:16:56,961)
[INFO] Stored user: Caitlyn (6015934a4ce36e0100d3d727) at (2021-01-30 19:17:40,462)
[INFO] Stored user: Katie (5fea51b1d610460100221494) at (2021-01-30 19:21:22,172)
[INFO] Stored user: Nicole (5eeb23a2712b2401008d0333) at (2021-01-30 19:23:23,608)
[INFO] Stored user: Kirsty (5ef4e7c2ed24a601007afe56) at (2021-01-30 19:38:51,935)
[INFO] Stored user: Alesha (5ecd818c27820b01009b9d25) at (2021-01-30 19:42:53,635)
[INFO] Stored user: Rebecca (5ff9d64fd6104601002f7b55) at (2021-01-30 20:55:14,757)
[INFO] Stored user: Alison (5e162e98f7565b0100e1b7b0) at (2021-01-30 21:07:44,094)
[INFO] Stored user: Lucy (600d9fbebfcf1e01003dafa9) at (2021-02-04 21:59:48,322)
[INFO] Stored user: Kirsty (5f68e4d9a5eca601002c2135) at (2021-02-04 22:00:10,487)
[INFO] Stored user: Paige (5ed1ad37c3aa000100ad18bc) at (2021-02-04 22:01:31,523)
[INFO] Stored user: Mariana (5e239366ef76f6010066dfe9) at (2021-02-04 22:18:46,369)
[INFO] Classification: [[-0.7076233]] at (2021-02-04 22:19:03,213)
[INFO] Stored user: Emily (5fc2a24a83ceae01006c8866) at (2021-02-04 22:19:35,560)
[INFO] Classification: [[-0.69767517]] at (2021-02-04 22:19:44,765)
[INFO] Stored user: Caitlin (600742ce5b1c2c0100b5ed5d) at (2021-02-04 22:20:01,127)
[INFO] Classification: [[-0.68746674]] at (2021-02-04 22:20:14,987)
[INFO] Stored user: Becca (5e6f22a9be325901009c2126) at (2021-02-04 22:20:39,610)
[INFO] Classification: [[-0.75047624]] at (2021-02-04 22:20:50,137)
[INFO] Stored user: Leah (5c4e36d00f1ab21100b8375e) at (2021-02-04 22:21:10,502)
[INFO] Classification: [[-0.7481891]] at (2021-02-04 22:21:30,134)
[INFO] Stored user: Tiegan (5d7a8b4ffc3c54bc758e55fa) at (2021-02-04 22:21:39,600)
[INFO] Classification: [[-0.7362822]] at (2021-02-04 22:21:47,669)
[INFO] Stored user: Megan (5d88c0049eaac67c4edd6387) at (2021-02-04 22:21:59,594)
[INFO] Classification: [[-0.71971565]] at (2021-02-04 22:22:07,044)
[INFO] Stored user: Emma (601c687cc64ed50100af93a3) at (2021-02-04 22:22:16,028)
[INFO] Classification: [[-0.7561663]] at (2021-02-04 22:22:38,349)
[INFO] Stored user: Megan (5fe779dfd6104601001f5333) at (2021-02-04 22:22:54,128)
[INFO] Classification: [[-0.71280277]] at (2021-02-04 22:23:04,836)
[INFO] Stored user: Caitlin (601c572293baec0100101eed) at (2021-02-04 22:23:10,859)
[INFO] Classification: [[-0.7143499]] at (2021-02-04 22:23:18,197)
[INFO] Stored user: amy (5f0238db365f680100a99a08) at (2021-02-04 22:33:57,882)
[INFO] Stored user: Ishbel (5d8508c56b0491aa0aeaecfd) at (2021-02-04 22:35:00,047)
[INFO] Stored user: Carly (5e7bc80420414d01000d9e91) at (2021-02-04 22:36:10,023)
[INFO] Classification: [[-0.7090633]] at (2021-02-04 22:36:11,557)
[INFO] Stored user: Shannon (600c80e1e7e3e401007244b1) at (2021-02-04 22:38:06,125)
[INFO] Classification: [[-0.7160669]] at (2021-02-04 22:38:17,426)
[INFO] Stored user: Caitlin (5fe7a6d123ea400100b934d9) at (2021-02-04 22:40:06,617)
[INFO] Classification: [[-0.7239116]] at (2021-02-04 22:40:20,574)
[INFO] Stored user: Kym (5f8397035ce6a20100806bf1) at (2021-02-04 22:41:35,060)
[INFO] Classification: [[-0.7890483]] at (2021-02-04 22:41:49,758)
[INFO] Stored user: Jordan (54aae7ed757aa997404e31eb) at (2021-02-04 22:43:55,904)
[INFO] Classification: [[-0.703776]] at (2021-02-04 22:44:07,182)
[INFO] Stored user: Molly (5f62618e0814fc01000f8fed) at (2021-02-04 22:44:20,009)
[INFO] Classification: [[-0.73781663]] at (2021-02-04 22:44:24,433)
[INFO] Stored user: Abby (5ff0d061e755ab01007742b3) at (2021-02-04 22:45:16,820)
[INFO] Classification: [[-0.73910964]] at (2021-02-04 22:45:21,212)
[INFO] Stored user: Summer (601c5c9eeb820701005413c9) at (2021-02-04 22:45:34,877)
[INFO] Classification: [[-0.69317657]] at (2021-02-04 22:45:40,236)
[INFO] Stored user: Marie (601c5c5d46e87101008d6fbb) at (2021-02-04 22:45:57,999)
[INFO] Stored user: BrookeGeo (5e225689d782da01001312ff) at (2021-02-04 22:47:32,618)
[INFO] Classification: [[-0.7030161]] at (2021-02-04 22:47:43,612)
[INFO] Stored user: Emma (5e2a26f1848c700100cd129c) at (2021-02-04 22:47:49,909)
[INFO] Stored user: Regan (5c78864ee9e3c211001346da) at (2021-02-04 22:53:51,042)
[INFO] Classification: [[2.9447079]] at (2021-02-04 22:54:07,891)
[INFO] Stored user: Natalie (601c6be2f97e2c0100ca03b5) at (2021-02-04 22:54:49,430)
[INFO] Classification: [[2.8065546]] at (2021-02-04 22:55:05,035)
[INFO] Stored user: Katie (5feb9e5523ea400100bce2b7) at (2021-02-04 22:55:18,069)
[INFO] Classification: [[0.7946234]] at (2021-02-04 22:55:22,848)
[INFO] Stored user: Becky (5e2a2d870ecd260100603b6c) at (2021-02-04 22:55:43,530)
[INFO] Classification: [[0.58664095]] at (2021-02-04 22:55:50,117)
[INFO] Stored user: Beccy (5ffceb23b44ee7010008793b) at (2021-02-04 22:57:13,704)
[INFO] Classification: [[0.18786238]] at (2021-02-04 22:57:20,165)
[INFO] Stored user: Milly (5fe9ff3b4e26650100e815d4) at (2021-02-04 22:57:30,854)
[INFO] Classification: [[2.115306]] at (2021-02-04 22:57:38,069)
[INFO] Stored user: Amy (6001f9748aee86010039b422) at (2021-02-04 22:57:46,877)
[INFO] Classification: [[-0.03313071]] at (2021-02-04 22:57:51,810)
[INFO] Stored user: Eloise (5fc966f395fef001006370db) at (2021-02-04 22:58:10,918)
[INFO] Classification: [[-0.5395371]] at (2021-02-04 22:58:18,971)
[INFO] Classification: [[1.7685363]] at (2021-02-04 23:14:29,821)
[INFO] Classification: [[1.6872541]] at (2021-02-04 23:16:34,634)
[INFO] Classification: [[0.6984623]] at (2021-02-04 23:17:43,477)
[WARNING] Storing user failed: Lucy (600d9fbebfcf1e01003dafa9) at (2021-02-04 23:17:43,479)
[INFO] Classification: [2.8005116] at (2021-02-04 23:18:45,561)
[WARNING] Storing user failed: Kirsty (5f68e4d9a5eca601002c2135) at (2021-02-04 23:18:45,563)
[INFO] Classification: 0.07829457521438599 at (2021-02-04 23:20:00,100)
[WARNING] Storing user failed: Mariana (5e239366ef76f6010066dfe9) at (2021-02-04 23:20:00,103)
[INFO] Classification: 2.792583465576172 at (2021-02-04 23:20:02,875)
[WARNING] Storing user failed: Emily (5fc2a24a83ceae01006c8866) at (2021-02-04 23:20:02,877)
[INFO] Classification: 1.724755883216858 at (2021-02-04 23:20:09,579)
[WARNING] Storing user failed: Cameron (6009fad5645ea80100638f7b) at (2021-02-04 23:20:09,581)
[INFO] Classification: 1.6872540712356567 at (2021-02-04 23:21:02,638)
[INFO] Stored user: Lauryn (5f11f9871348ac010056d7f8) at (2021-02-04 23:21:06,615)
[INFO] Classification: 0.5866409540176392 at (2021-02-04 23:21:48,694)
[INFO] Stored user: Becky (5e2a2d870ecd260100603b6c) at (2021-02-04 23:21:49,418)
[INFO] Classification: 2.792583465576172 at (2021-02-04 23:21:57,785)
[INFO] Stored user: Emily (5fc2a24a83ceae01006c8866) at (2021-02-04 23:21:58,671)
[INFO] Classification: -0.0331307128071785 at (2021-02-04 23:22:24,821)
[WARNING] Storing user failed: Amy (6001f9748aee86010039b422) at (2021-02-04 23:22:24,823)
[INFO] Classification: 1.2750210762023926 at (2021-02-04 23:22:28,420)
[INFO] Stored user: Summer (601c5c9eeb820701005413c9) at (2021-02-04 23:22:28,746)
[INFO] Classification: 0.6984623074531555 at (2021-02-04 23:24:13,670)
[INFO] Classification: 3.8607711791992188 at (2021-02-04 23:26:02,881)
[INFO] Stored user: Grace (5addc8806bee3d7805d52ed4) at (2021-02-04 23:26:05,160)
[INFO] Classification: 1.5403895378112793 at (2021-02-04 23:26:11,205)
[INFO] Stored user: Megan (5d88c0049eaac67c4edd6387) at (2021-02-04 23:26:11,864)
[INFO] Classification: 1.4383548498153687 at (2021-02-04 23:26:18,873)
[INFO] Stored user: Amanda (5fea90f1e755ab0100732f9f) at (2021-02-04 23:26:19,288)
[INFO] Classification: 3.1534628868103027 at (2021-02-04 23:26:29,746)
[INFO] Stored user: Jordan (54aae7ed757aa997404e31eb) at (2021-02-04 23:26:31,288)
[INFO] Classification: 0.19474747776985168 at (2021-02-04 23:26:53,098)
[INFO] Stored user: Ainslie (5c61922b269958110016857a) at (2021-02-04 23:26:55,017)
[INFO] Classification: 2.650561571121216 at (2021-02-04 23:27:34,723)
[INFO] Stored user: Carly (5e7bc80420414d01000d9e91) at (2021-02-04 23:27:35,215)
[INFO] Classification: 2.4676902294158936 at (2021-02-04 23:27:51,575)
[INFO] Stored user: Leah (5c4e36d00f1ab21100b8375e) at (2021-02-04 23:27:53,043)
[INFO] Classification: 0.8891641497612 at (2021-02-04 23:28:00,617)
[INFO] Stored user: amy (5f0238db365f680100a99a08) at (2021-02-04 23:28:01,405)
[INFO] Classification: 1.8241504430770874 at (2021-02-04 23:28:15,521)
[INFO] Stored user: Tiegan (5d7a8b4ffc3c54bc758e55fa) at (2021-02-04 23:28:16,573)
[INFO] Classification: 0.8004572987556458 at (2021-02-04 23:28:37,168)
[INFO] Stored user: Gráinne (601c7a88f97e2c0100ca118a) at (2021-02-04 23:28:39,639)
[INFO] Classification: 2.8373024463653564 at (2021-02-04 23:30:43,006)
[INFO] Stored user: Ishbel (5d8508c56b0491aa0aeaecfd) at (2021-02-04 23:30:44,269)
[INFO] Classification: -2.0971407890319824 at (2021-02-04 23:31:09,966)
[INFO] Stored user: Zuzanna (5e51c195641b660100c223df) at (2021-02-04 23:31:10,568)
[INFO] Classification: 1.6015734672546387 at (2021-02-04 23:31:38,457)
[INFO] Stored user: Douglis (5f272e7cdcdc000100953830) at (2021-02-04 23:31:39,171)
