[DEBUG]: Checking user kadie (60159f0eaa2d3501004fa4a9)
[DEBUG]: adding user
[INFO]: Stored user: kadie (60159f0eaa2d3501004fa4a9)
[DEBUG]: face:
[[[ 75   0 118]
  [ 71   1 113]
  [ 71   2 111]
  ...
  [ 16   0  47]
  [ 16   0  47]
  [ 16   0  47]]

 [[ 79   1 123]
  [ 75   2 119]
  [ 72   2 116]
  ...
  [ 16   0  47]
  [ 16   0  47]
  [ 16   0  47]]

 [[ 81   0 128]
  [ 78   0 122]
  [ 75   0 119]
  ...
  [ 14   1  47]
  [ 14   1  47]
  [ 14   1  47]]

 ...

 [[ 70   0 122]
  [ 69   0 117]
  [ 67   0 115]
  ...
  [ 14   1  45]
  [ 14   1  45]
  [ 14   1  45]]

 [[ 70   0 124]
  [ 70   1 118]
  [ 68   1 116]
  ...
  [ 14   1  45]
  [ 14   1  45]
  [ 14   1  45]]

 [[ 71   1 125]
  [ 70   1 120]
  [ 68   1 116]
  ...
  [ 14   1  45]
  [ 14   1  45]
  [ 14   1  45]]]
